-------------------------------------------------------------------------------
Test set: selenium.test.LoginTests
-------------------------------------------------------------------------------
Tests run: 1, Failures: 0, Errors: 1, Skipped: 0, Time elapsed: 32.042 s <<< FAILURE! - in selenium.test.LoginTests
testLogin  Time elapsed: 32.037 s  <<< ERROR!
org.openqa.selenium.TimeoutException: Expected condition failed: waiting for url to be "http://localhost:8067/jw/web/console/home". Current url: "http://localhost:8067/jw/web/userview/FormRepater_ID/Repeater_ID/_/ajout" (tried for 30 second(s) with 500 milliseconds interval)
	at selenium.test.LoginTests.testLogin(LoginTests.java:43)
Caused by: org.openqa.selenium.NoSuchWindowException: 
no such window: target window already closed
from unknown error: web view not found
  (Session info: chrome=126.0.6478.115)
Build info: version: '4.21.0', revision: '79ed462ef4'
System info: os.name: 'Windows 11', os.arch: 'amd64', os.version: '10.0', java.version: '17.0.10'
Driver info: org.openqa.selenium.chrome.ChromeDriver
Command: [5ba1f838bd27e0d9b9cc19c46e5e64dc, getCurrentUrl {}]
Capabilities {acceptInsecureCerts: false, browserName: chrome, browserVersion: 126.0.6478.115, chrome: {chromedriverVersion: 126.0.6478.63 (df799988fdc9..., userDataDir: C:\Users\oussa\AppData\Loca...}, fedcm:accounts: true, goog:chromeOptions: {debuggerAddress: localhost:63285}, networkConnectionEnabled: false, pageLoadStrategy: normal, platformName: windows, proxy: Proxy(), se:cdp: ws://localhost:63285/devtoo..., se:cdpVersion: 126.0.6478.115, setWindowRect: true, strictFileInteractability: false, timeouts: {implicit: 0, pageLoad: 300000, script: 30000}, unhandledPromptBehavior: dismiss and notify, webauthn:extension:credBlob: true, webauthn:extension:largeBlob: true, webauthn:extension:minPinLength: true, webauthn:extension:prf: true, webauthn:virtualAuthenticators: true}
Session ID: 5ba1f838bd27e0d9b9cc19c46e5e64dc
	at selenium.test.LoginTests.testLogin(LoginTests.java:43)

